0 info it worked if it ends with ok
1 verbose cli [ 'C:\\Program Files (x86)\\Nodist\\v-x64\\10.15.1\\node.exe',
1 verbose cli   'C:\\Program Files (x86)\\Nodist\\npmv\\4.0.5\\bin\\npm-cli.js',
1 verbose cli   'run',
1 verbose cli   'storybook' ]
2 info using npm@4.0.5
3 info using node@v10.15.1
4 verbose run-script [ 'prestorybook', 'storybook', 'poststorybook' ]
5 info lifecycle gatsby-starter-netlify-cms@1.1.3~prestorybook: gatsby-starter-netlify-cms@1.1.3
6 warn lifecycle The node binary used for scripts is C:\Program Files (x86)\Nodist\bin\node.exe but npm is using C:\Program Files (x86)\Nodist\v-x64\10.15.1\node.exe itself. Use the `--scripts-prepend-node-path` option to include the path for the node binary npm was executed with.
7 silly lifecycle gatsby-starter-netlify-cms@1.1.3~prestorybook: no script for prestorybook, continuing
8 info lifecycle gatsby-starter-netlify-cms@1.1.3~storybook: gatsby-starter-netlify-cms@1.1.3
9 verbose lifecycle gatsby-starter-netlify-cms@1.1.3~storybook: unsafe-perm in lifecycle true
10 verbose lifecycle gatsby-starter-netlify-cms@1.1.3~storybook: PATH: C:\Program Files (x86)\Nodist\npmv\4.0.5\bin\node-gyp-bin;C:\Users\49011\Documents\clones\bakery-blog\node_modules\.bin;C:\Windows\system32;C:\Windows;C:\Windows\System32\Wbem;C:\Windows\System32\WindowsPowerShell\v1.0\;C:\Windows\System32\OpenSSH\;C:\Program Files (x86)\NVIDIA Corporation\PhysX\Common;C:\Program Files\Git\cmd;C:\Program Files (x86)\Nodist\bin;C:\Program Files\dotnet\;C:\Program Files\Microsoft SQL Server\130\Tools\Binn\;C:\ProgramData\chocolatey\bin;C:\Program Files (x86)\Yarn\bin\;C:\Go\bin;C:\Users\49011\AppData\Local\Microsoft\WindowsApps;C:\Users\49011\AppData\Local\Programs\Microsoft VS Code\bin;C:\Users\49011\Desktop\shortcuts;C:\Users\49011\.dotnet\tools;C:\Users\49011\AppData\Local\Yarn\bin;C:\Users\49011\Desktop\vim;C:\Users\49011\go\bin;C:\Users\49011\AppData\Local\hyper\app-2.1.2\resources\bin;C:\Users\49011\Desktop\oracle\instantclient_18_3;
11 verbose lifecycle gatsby-starter-netlify-cms@1.1.3~storybook: CWD: C:\Users\49011\Documents\clones\bakery-blog
12 silly lifecycle gatsby-starter-netlify-cms@1.1.3~storybook: Args: [ '/d /s /c', 'start-storybook' ]
13 silly lifecycle gatsby-starter-netlify-cms@1.1.3~storybook: Returned: code: 3221225786  signal: null
14 info lifecycle gatsby-starter-netlify-cms@1.1.3~storybook: Failed to exec storybook script
15 verbose stack Error: gatsby-starter-netlify-cms@1.1.3 storybook: `start-storybook`
15 verbose stack Exit status 3221225786
15 verbose stack     at EventEmitter.<anonymous> (C:\Program Files (x86)\Nodist\npmv\4.0.5\lib\utils\lifecycle.js:279:16)
15 verbose stack     at EventEmitter.emit (events.js:189:13)
15 verbose stack     at ChildProcess.<anonymous> (C:\Program Files (x86)\Nodist\npmv\4.0.5\lib\utils\spawn.js:40:14)
15 verbose stack     at ChildProcess.emit (events.js:189:13)
15 verbose stack     at maybeClose (internal/child_process.js:970:16)
15 verbose stack     at Process.ChildProcess._handle.onexit (internal/child_process.js:259:5)
16 verbose pkgid gatsby-starter-netlify-cms@1.1.3
17 verbose cwd C:\Users\49011\Documents\clones\bakery-blog
18 error Windows_NT 10.0.17763
19 error argv "C:\\Program Files (x86)\\Nodist\\v-x64\\10.15.1\\node.exe" "C:\\Program Files (x86)\\Nodist\\npmv\\4.0.5\\bin\\npm-cli.js" "run" "storybook"
20 error node v10.15.1
21 error npm  v4.0.5
22 error code ELIFECYCLE
23 error gatsby-starter-netlify-cms@1.1.3 storybook: `start-storybook`
23 error Exit status 3221225786
24 error Failed at the gatsby-starter-netlify-cms@1.1.3 storybook script 'start-storybook'.
24 error Make sure you have the latest version of node.js and npm installed.
24 error If you do, this is most likely a problem with the gatsby-starter-netlify-cms package,
24 error not with npm itself.
24 error Tell the author that this fails on your system:
24 error     start-storybook
24 error You can get information on how to open an issue for this project with:
24 error     npm bugs gatsby-starter-netlify-cms
24 error Or if that isn't available, you can get their info via:
24 error     npm owner ls gatsby-starter-netlify-cms
24 error There is likely additional logging output above.
25 verbose exit [ 1, true ]
